<?xml version="1.0" encoding="UTF-8"?>
<testsuite name="com.invoice.InvoiceServiceTest" tests="2" skipped="0" failures="0" errors="0" timestamp="2022-04-29T02:57:15" hostname="DESKTOP-E72B5JU" time="0.05">
  <properties/>
  <testcase name="givenLessDistanceAndTime_ShouldReturnMinFare()" classname="com.invoice.InvoiceServiceTest" time="0.046"/>
  <testcase name="givenDistanceAndTime_ShouldReturnTotalFare()" classname="com.invoice.InvoiceServiceTest" time="0.002"/>
  <system-out><![CDATA[]]></system-out>
  <system-err><![CDATA[]]></system-err>
</testsuite>
