<?xml version="1.0" encoding="UTF-8"?>
<testsuite name="com.invoice.InvoiceServiceTest" tests="3" skipped="0" failures="0" errors="0" timestamp="2022-04-29T03:20:59" hostname="DESKTOP-E72B5JU" time="0.068">
  <properties/>
  <testcase name="givenLessDistanceAndTime_ShouldReturnMinFare()" classname="com.invoice.InvoiceServiceTest" time="0.06"/>
  <testcase name="givenMultipleRides_ShouldReturnTotalFare()" classname="com.invoice.InvoiceServiceTest" time="0.004"/>
  <testcase name="givenDistanceAndTime_ShouldReturnTotalFare()" classname="com.invoice.InvoiceServiceTest" time="0.001"/>
  <system-out><![CDATA[]]></system-out>
  <system-err><![CDATA[]]></system-err>
</testsuite>
